<?xml version="1.0" encoding="UTF-8"?>
<testsuite name="TestGoRest" tests="1" skipped="0" failures="0" errors="0" timestamp="2024-03-01T18:28:33" hostname="CTNDELL6JZM0D3" time="4.146">
  <properties/>
  <testcase name="Deve listar todos os usuÃ¡rios cadastrados na base de dados" classname="TestGoRest" time="4.146"/>
  <system-out><![CDATA[]]></system-out>
  <system-err><![CDATA[]]></system-err>
</testsuite>
