<?xml version="1.0" encoding="UTF-8"?>
<testsuite name="TestGoRest" tests="1" skipped="0" failures="0" errors="0" timestamp="2024-02-29T19:17:17" hostname="CTNDELL6JZM0D3" time="0.596">
  <properties/>
  <testcase name="Deve listar todos os usuÃ¡rios cadastrados na base de dados" classname="TestGoRest" time="0.596"/>
  <system-out><![CDATA[]]></system-out>
  <system-err><![CDATA[]]></system-err>
</testsuite>
